<?xml version="1.0" encoding="UTF-8"?>
<testsuite xmlns:xsi="http://www.w3.org/2001/XMLSchema-instance" xsi:noNamespaceSchemaLocation="https://maven.apache.org/surefire/maven-surefire-plugin/xsd/surefire-test-report-3.0.xsd" version="3.0" name="testtweet.TweetAPITest" time="0.283" tests="3" errors="0" skipped="0" failures="3">
  <properties>
[...]
</properties>
  <testcase name="testDeleteTweet" classname="testtweet.TweetAPITest" time="0.008">
    <failure type="java.lang.NullPointerException"><![CDATA[java.lang.NullPointerException
	at testtweet.TweetAPITest.testDeleteTweet(TweetAPITest.java:60)
]]></failure>
  </testcase>
  <testcase name="testUserCanNotTweetTheSameTweetTwiceInARow" classname="testtweet.TweetAPITest" time="0.001">
    <failure type="java.lang.NullPointerException"><![CDATA[java.lang.NullPointerException
	at testtweet.TweetAPITest.testUserCanNotTweetTheSameTweetTwiceInARow(TweetAPITest.java:37)
]]></failure>
  </testcase>
  <testcase name="testUserCanTweetSuccessfully" classname="testtweet.TweetAPITest" time="0.008">
    <failure type="java.lang.NullPointerException"><![CDATA[java.lang.NullPointerException
	at testtweet.TweetAPITest.testUserCanTweetSuccessfully(TweetAPITest.java:25)
]]></failure>
  </testcase>
</testsuite>