<?xml version="1.0" encoding="UTF-8"?>
<!-- Generated by org.testng.reporters.JUnitXMLReporter -->
<testsuite ignored="0" hostname="Karims-MBP.fios-router.home" failures="0" tests="3" name="Surefire test" time="2.407" errors="0" timestamp="2020-06-27T03:42:17 EDT">
  <testcase classname="testpost.TestPostsAPI" name="testGetAllPosts" time="1.475"/>
  <testcase classname="testpost.TestPostsAPI" name="testUserCanCreateAPostSuccessfully" time="0.751"/>
  <testcase classname="testpost.TestPostsAPI" name="testUserCanCreateAPostUsingPojoSuccessfully" time="0.157"/>
</testsuite> <!-- Surefire test -->
