<?xml version="1.0" encoding="UTF-8"?>
<!-- Generated by org.testng.reporters.JUnitXMLReporter -->
<testsuite ignored="0" hostname="DESKTOP-84GOSHK" failures="0" tests="3" name="Surefire test" time="9.699" errors="0" timestamp="2020-06-28T01:49:21 EDT">
  <testcase classname="testpost.TestPostsAPI" name="testGetAllPosts" time="5.165"/>
  <testcase classname="testpost.TestPostsAPI" name="testUserCanCreateAPostSuccessfully" time="4.181"/>
  <testcase classname="testpost.TestPostsAPI" name="testUserCanCreateAPostUsingPojoSuccessfully" time="0.286"/>
</testsuite> <!-- Surefire test -->
