<?xml version="1.0" encoding="UTF-8"?>
<testng-results ignored="0" total="3" passed="3" failed="0" skipped="0">
  <reporter-output>
  </reporter-output>
  <suite started-at="2020-06-27T03:42:14 EDT" name="Surefire suite" finished-at="2020-06-27T03:42:17 EDT" duration-ms="2407">
    <groups>
    </groups>
    <test started-at="2020-06-27T03:42:14 EDT" name="Surefire test" finished-at="2020-06-27T03:42:17 EDT" duration-ms="2407">
      <class name="testpost.TestPostsAPI">
        <test-method is-config="true" signature="setUpPostsAPI()[pri:0, instance:testpost.TestPostsAPI@16f7c8c1]" started-at="2020-06-27T03:42:14 EDT" name="setUpPostsAPI" finished-at="2020-06-27T03:42:14 EDT" duration-ms="5" status="PASS">
          <reporter-output>
          </reporter-output>
        </test-method> <!-- setUpPostsAPI -->
        <test-method signature="testGetAllPosts()[pri:0, instance:testpost.TestPostsAPI@16f7c8c1]" started-at="2020-06-27T03:42:14 EDT" name="testGetAllPosts" finished-at="2020-06-27T03:42:16 EDT" duration-ms="1475" status="PASS">
          <reporter-output>
          </reporter-output>
        </test-method> <!-- testGetAllPosts -->
        <test-method signature="testUserCanCreateAPostSuccessfully()[pri:0, instance:testpost.TestPostsAPI@16f7c8c1]" started-at="2020-06-27T03:42:16 EDT" name="testUserCanCreateAPostSuccessfully" finished-at="2020-06-27T03:42:17 EDT" duration-ms="751" status="PASS">
          <reporter-output>
          </reporter-output>
        </test-method> <!-- testUserCanCreateAPostSuccessfully -->
        <test-method signature="testUserCanCreateAPostUsingPojoSuccessfully()[pri:0, instance:testpost.TestPostsAPI@16f7c8c1]" started-at="2020-06-27T03:42:17 EDT" name="testUserCanCreateAPostUsingPojoSuccessfully" finished-at="2020-06-27T03:42:17 EDT" duration-ms="157" status="PASS">
          <reporter-output>
          </reporter-output>
        </test-method> <!-- testUserCanCreateAPostUsingPojoSuccessfully -->
      </class> <!-- testpost.TestPostsAPI -->
    </test> <!-- Surefire test -->
  </suite> <!-- Surefire suite -->
</testng-results>
