<?xml version="1.0" encoding="UTF-8"?>
<testsuite xmlns:xsi="http://www.w3.org/2001/XMLSchema-instance" xsi:noNamespaceSchemaLocation="https://maven.apache.org/surefire/maven-surefire-plugin/xsd/surefire-test-report-3.0.xsd" version="3.0" name="testpost.TestPostsAPI" time="10.663" tests="3" errors="0" skipped="0" failures="0">
  <properties>
[...]
</properties>
  <testcase name="testGetAllPosts" classname="testpost.TestPostsAPI" time="5.172"/>
  <testcase name="testUserCanCreateAPostSuccessfully" classname="testpost.TestPostsAPI" time="4.183"/>
  <testcase name="testUserCanCreateAPostUsingPojoSuccessfully" classname="testpost.TestPostsAPI" time="0.286"/>
</testsuite>