<?xml version="1.0" encoding="UTF-8"?>
<testng-results ignored="0" total="3" passed="3" failed="0" skipped="0">
  <reporter-output>
  </reporter-output>
  <suite started-at="2020-06-28T01:49:12 EDT" name="Surefire suite" finished-at="2020-06-28T01:49:21 EDT" duration-ms="9699">
    <groups>
    </groups>
    <test started-at="2020-06-28T01:49:12 EDT" name="Surefire test" finished-at="2020-06-28T01:49:21 EDT" duration-ms="9699">
      <class name="testpost.TestPostsAPI">
        <test-method is-config="true" signature="setUpPostsAPI()[pri:0, instance:testpost.TestPostsAPI@78691363]" started-at="2020-06-28T01:49:12 EDT" name="setUpPostsAPI" finished-at="2020-06-28T01:49:12 EDT" duration-ms="17" status="PASS">
          <reporter-output>
          </reporter-output>
        </test-method> <!-- setUpPostsAPI -->
        <test-method signature="testGetAllPosts()[pri:0, instance:testpost.TestPostsAPI@78691363]" started-at="2020-06-28T01:49:12 EDT" name="testGetAllPosts" finished-at="2020-06-28T01:49:17 EDT" duration-ms="5165" status="PASS">
          <reporter-output>
          </reporter-output>
        </test-method> <!-- testGetAllPosts -->
        <test-method signature="testUserCanCreateAPostSuccessfully()[pri:0, instance:testpost.TestPostsAPI@78691363]" started-at="2020-06-28T01:49:17 EDT" name="testUserCanCreateAPostSuccessfully" finished-at="2020-06-28T01:49:21 EDT" duration-ms="4181" status="PASS">
          <reporter-output>
          </reporter-output>
        </test-method> <!-- testUserCanCreateAPostSuccessfully -->
        <test-method signature="testUserCanCreateAPostUsingPojoSuccessfully()[pri:0, instance:testpost.TestPostsAPI@78691363]" started-at="2020-06-28T01:49:21 EDT" name="testUserCanCreateAPostUsingPojoSuccessfully" finished-at="2020-06-28T01:49:21 EDT" duration-ms="286" status="PASS">
          <reporter-output>
          </reporter-output>
        </test-method> <!-- testUserCanCreateAPostUsingPojoSuccessfully -->
      </class> <!-- testpost.TestPostsAPI -->
    </test> <!-- Surefire test -->
  </suite> <!-- Surefire suite -->
</testng-results>
