<?xml version="1.0" encoding="UTF-8"?>
<!-- Generated by org.testng.reporters.JUnitXMLReporter -->
<testsuite ignored="0" hostname="Karims-MBP.fios-router.home" failures="2" tests="2" name="Surefire test" time="0.036" errors="0" timestamp="2020-06-27T03:42:13 EDT">
  <testcase classname="testtweet.TweetAPITest" name="@AfterTest testUserCanTweetSuccessfully" time="0.001">
    <failure type="java.lang.NullPointerException">
      <![CDATA[java.lang.NullPointerException
at testtweet.TweetAPITest.testUserCanTweetSuccessfully(TweetAPITest.java:25)
... Removed 29 stack frames]]>
    </failure>
  </testcase> <!-- @AfterTest testUserCanTweetSuccessfully -->
  <testcase classname="testtweet.TweetAPITest" name="testDeleteTweet" time="0.003">
    <failure type="java.lang.NullPointerException">
      <![CDATA[java.lang.NullPointerException
at testtweet.TweetAPITest.testDeleteTweet(TweetAPITest.java:60)
at java.base/java.util.ArrayList.forEach(ArrayList.java:1507)
... Removed 32 stack frames]]>
    </failure>
  </testcase> <!-- testDeleteTweet -->
  <testcase classname="testtweet.TweetAPITest" name="testUserCanNotTweetTheSameTweetTwiceInARow" time="0.0">
    <failure type="java.lang.NullPointerException">
      <![CDATA[java.lang.NullPointerException
at testtweet.TweetAPITest.testUserCanNotTweetTheSameTweetTwiceInARow(TweetAPITest.java:37)
at java.base/java.util.ArrayList.forEach(ArrayList.java:1507)
... Removed 32 stack frames]]>
    </failure>
  </testcase> <!-- testUserCanNotTweetTheSameTweetTwiceInARow -->
</testsuite> <!-- Surefire test -->
